<?xml version="1.0" encoding="UTF-8"?>
<testng-results ignored="0" total="2" passed="2" failed="0" skipped="0">
  <reporter-output>
    <line>
      <![CDATA[ADMIN1]]>
    </line>
    <line>
      <![CDATA[MANAGER1]]>
    </line>
    <line>
      <![CDATA[ADMIN2]]>
    </line>
    <line>
      <![CDATA[MANAGER2]]>
    </line>
  </reporter-output>
  <suite started-at="2024-02-24T13:46:15 IST" name="Suite" finished-at="2024-02-24T13:46:15 IST" duration-ms="109">
    <groups>
    </groups>
    <test started-at="2024-02-24T13:46:15 IST" name="Test" finished-at="2024-02-24T13:46:15 IST" duration-ms="109">
      <class name="com.Testng.Date_Provider">
        <test-method signature="signup(java.lang.String,java.lang.String)[pri:0, instance:com.Testng.Date_Provider@54e1c68b]" started-at="2024-02-24T13:46:15 IST" name="signup" data-provider="data" finished-at="2024-02-24T13:46:15 IST" duration-ms="11" status="PASS">
          <params>
            <param index="0">
              <value>
                <![CDATA[ADMIN1]]>
              </value>
            </param>
            <param index="1">
              <value>
                <![CDATA[MANAGER1]]>
              </value>
            </param>
          </params>
          <reporter-output>
            <line>
              <![CDATA[ADMIN1]]>
            </line>
            <line>
              <![CDATA[MANAGER1]]>
            </line>
          </reporter-output>
        </test-method> <!-- signup -->
        <test-method signature="signup(java.lang.String,java.lang.String)[pri:0, instance:com.Testng.Date_Provider@54e1c68b]" started-at="2024-02-24T13:46:15 IST" name="signup" data-provider="data" finished-at="2024-02-24T13:46:15 IST" duration-ms="6" status="PASS">
          <params>
            <param index="0">
              <value>
                <![CDATA[ADMIN2]]>
              </value>
            </param>
            <param index="1">
              <value>
                <![CDATA[MANAGER2]]>
              </value>
            </param>
          </params>
          <reporter-output>
            <line>
              <![CDATA[ADMIN2]]>
            </line>
            <line>
              <![CDATA[MANAGER2]]>
            </line>
          </reporter-output>
        </test-method> <!-- signup -->
      </class> <!-- com.Testng.Date_Provider -->
    </test> <!-- Test -->
  </suite> <!-- Suite -->
</testng-results>
